<?xml version="1.0" encoding="UTF-8"?>
<!-- Generated by org.testng.reporters.JUnitReportReporter -->
<testsuite hostname="ATMECSINDT-088" failures="0" tests="1" name="com.atmecs.konakart.script.Searches" time="2.772" errors="0" timestamp="04 Oct 2019 14:10:23 GMT" skipped="0">
  <testcase classname="com.atmecs.konakart.script.Searches" name="positiveSearches" time="2.772"/>
</testsuite> <!-- com.atmecs.konakart.script.Searches -->
